#
# A fatal error has been detected by the Java Runtime Environment:
#
#  EXCEPTION_ACCESS_VIOLATION (0xc0000005) at pc=0x00007ffef28d5e1b, pid=9396, tid=4872
#
# JRE version: Java(TM) SE Runtime Environment (22.0.2+9) (build 22.0.2+9-70)
# Java VM: Java HotSpot(TM) 64-Bit Server VM (22.0.2+9-70, mixed mode, sharing, tiered, compressed oops, compressed class ptrs, g1 gc, windows-amd64)
# Problematic frame:
# V  [jvm.dll+0x5a1cae]
#
# No core dump will be written. Minidumps are not enabled by default on client versions of Windows
#
# JFR recording file will be written. Location: C:\Users\Juan José\Desktop\IcesiFootBallTournament\hs_err_pid9396.jfr
#
# If you would like to submit a bug report, please visit:
#   https://bugreport.java.com/bugreport/crash.jsp
#

---------------  S U M M A R Y ------------

Command Line: -javaagent:C:\Program Files\JetBrains\IntelliJ IDEA 2024.2.4\lib\idea_rt.jar=49901:C:\Program Files\JetBrains\IntelliJ IDEA 2024.2.4\bin -Dfile.encoding=UTF-8 -Dsun.stdout.encoding=UTF-8 -Dsun.stderr.encoding=UTF-8 ui.IcesiFootballTournament

Host: AMD Ryzen 3 3250U with Radeon Graphics         , 4 cores, 5G,  Windows 11 , 64 bit Build 22621 (10.0.22621.3958)
Time: Fri Oct 25 17:19:37 2024 Hora est. Pacífico, Sudamérica elapsed time: 91.581492 seconds (0d 0h 1m 31s)

---------------  T H R E A D  ---------------

Current thread (0x00000178d9d3fa30):  JavaThread "Service Thread" daemon [_thread_in_native, id=4872, stack(0x0000001829200000,0x0000001829300000) (1024K)]

Stack: [0x0000001829200000,0x0000001829300000],  sp=0x00000018292ff740,  free space=1021k
Native frames: (J=compiled Java code, j=interpreted, Vv=VM code, C=native code)
C  0x00007ffef28d5e1b  (no source info available)


siginfo: EXCEPTION_ACCESS_VIOLATION (0xc0000005), data execution prevention violation at address 0x00007ffef28d5e1b


Registers:
RAX=0x00007ffef28d5e1b, RBX=0x00000178d9d4c2b0, RCX=0x000001791f1cd790, RDX=0x000001791f2ce600
RSP=0x00000018292ff738, RBP=0x000001791f1cd790, RSI=0x00000178d9d4c2b0, RDI=0x00000178cd9e9ed8
R8 =0x00000178cd9e9ed8, R9 =0x00000000000000a8, R10=0x0000000000000003, R11=0x00000018292ff780
R12=0x00000178d9d4c300, R13=0x00000178d9d3fa30, R14=0x0000000000000000, R15=0x00000178d9d3fa30
RIP=0x00007ffef28d5e1b, EFLAGS=0x0000000000010212


Register to memory mapping:

RAX=0x00007ffef28d5e1b is an unknown value
RBX=0x00000178d9d4c2b0 points into unknown readable memory: 0x00000178d9d3fa30 | 30 fa d3 d9 78 01 00 00
RCX=0x000001791f1cd790 points into unknown readable memory: 0x00007fff08b876b0 | b0 76 b8 08 ff 7f 00 00
RDX=0x000001791f2ce600 points into unknown readable memory: 0x7320656c62617469 | 69 74 61 62 6c 65 20 73
RSP=0x00000018292ff738 is pointing into the stack for thread: 0x00000178d9d3fa30
RBP=0x000001791f1cd790 points into unknown readable memory: 0x00007fff08b876b0 | b0 76 b8 08 ff 7f 00 00
RSI=0x00000178d9d4c2b0 points into unknown readable memory: 0x00000178d9d3fa30 | 30 fa d3 d9 78 01 00 00
RDI=0x00000178cd9e9ed8 is at entry_point+0 in a vtable stub
vtable stub (index = 5, receiver_location = 140733340415013, code = [0x00000178cd9e9ed8, 0x00000178cd9e9f80])
R8 =0x00000178cd9e9ed8 is at entry_point+0 in a vtable stub
vtable stub (index = 5, receiver_location = 140733340415013, code = [0x00000178cd9e9ed8, 0x00000178cd9e9f80])
R9 =0x00000000000000a8 is an unknown value
R10=0x0000000000000003 is an unknown value
R11=0x00000018292ff780 is pointing into the stack for thread: 0x00000178d9d3fa30
R12=0x00000178d9d4c300 points into unknown readable memory: 0x8000000000000001 | 01 00 00 00 00 00 00 80
R13=0x00000178d9d3fa30 is a thread
R14=0x0 is null
R15=0x00000178d9d3fa30 is a thread

Top of Stack: (sp=0x00000018292ff738)
0x00000018292ff738:   00007fff08541cae 00000178d9d4c2b0
0x00000018292ff748:   000001791f363390 0000000000000000
0x00000018292ff758:   00007fff4f0e37e0 00000178d9d4c2b0
0x00000018292ff768:   00000178d9d4c300 0000000000000000
0x00000018292ff778:   00000018292ff780 00000178d9d1acc0
0x00000018292ff788:   00000178d9d400a0 00000178d9d400b0
0x00000018292ff798:   00000178d9d40488 00000000000003d8
0x00000018292ff7a8:   00000178d9d3fa30 00000178d9d3fa30
0x00000018292ff7b8:   00000178d9d1b880 00000178d9d22ca0
0x00000018292ff7c8:   00000178d9d22cb0 00000178d9d22d88
0x00000018292ff7d8:   00000000000000d8 00000018292ff960
0x00000018292ff7e8:   00007fff4c7a364b 00000018292ff8b8
0x00000018292ff7f8:   00000178d9d3fa30 00007fff08c0ad00
0x00000018292ff808:   0000000000000000 0000000000000001
0x00000018292ff818:   00000178d9d3fa00 00000178d9d40000
0x00000018292ff828:   00000178d9d40000 00000018292ff898
0x00000018292ff838:   00007fff0854df77 000001791f2ce600
0x00000018292ff848:   00000178cd9e9ed8 00000178cd9e9f80
0x00000018292ff858:   00000178cd9e9f01 0000000000000000
0x00000018292ff868:   00007fff086e9dbf 0000000000000000
0x00000018292ff878:   00000178d9d40000 0000000000000000
0x00000018292ff888:   00000178d9d40000 0000010000000000
0x00000018292ff898:   0000001800000003 000001791f2ce600
0x00000018292ff8a8:   00000178cd9e9ed8 00000178cd9e9f80
0x00000018292ff8b8:   0000001800000003 000001791f2ce600
0x00000018292ff8c8:   00000178cd9e9ed8 00000178cd9e9f80
0x00000018292ff8d8:   0000017800000000 00000000a6d28640
0x00000018292ff8e8:   0000000000000000 00000178d9d40488
0x00000018292ff8f8:   0000000000000000 0000000000000000
0x00000018292ff908:   00000178d9d3fa30 00000178d9d400b0
0x00000018292ff918:   00000178d9d400a0 00000178d9d1acc0
0x00000018292ff928:   00007fff083957a6 00000178d9d1ac00 

Instructions: (pc=0x00007fff08541cae)
0x00007fff08541bae:   eb 07 48 8b b6 20 03 00 00 48 8b 46 20 4c 8b 76
0x00007fff08541bbe:   10 4c 8b 7e 18 4c 8b 66 28 48 89 44 24 38 48 8b
0x00007fff08541bce:   05 7d 84 6b 00 48 85 c0 74 1f 49 8b cd e8 50 02
0x00007fff08541bde:   02 00 4c 8b 84 24 00 01 00 00 48 8d 0d 61 cc 48
0x00007fff08541bee:   00 48 8b d0 e8 09 5d fe ff 49 83 3e 00 74 13 49
0x00007fff08541bfe:   8b d4 48 8b ce e8 88 25 b2 ff 49 8b ce e8 60 25
0x00007fff08541c0e:   b2 ff 4c 8b 64 24 28 4c 39 7e 18 74 11 48 8b 44
0x00007fff08541c1e:   24 38 48 89 46 20 4c 89 76 10 4c 89 7e 18 49 8b
0x00007fff08541c2e:   85 e0 05 00 00 45 33 f6 48 85 c0 74 04 44 8b 70
0x00007fff08541c3e:   2c 49 8b cd e8 09 37 e5 ff 49 8d 8d a0 03 00 00
0x00007fff08541c4e:   e8 9d 6d d7 ff 48 8d 4c 24 40 e8 53 e0 b1 ff 49
0x00007fff08541c5e:   8d 8d a0 03 00 00 4c 89 6c 24 68 e8 82 6d d7 ff
0x00007fff08541c6e:   90 48 8d 4c 24 70 49 8b d5 41 c7 85 54 04 00 00
0x00007fff08541c7e:   04 00 00 00 e8 19 24 e0 ff 48 8b 85 c8 00 00 00
0x00007fff08541c8e:   48 85 c0 74 1b 44 8b 8c 24 10 01 00 00 4c 8b c7
0x00007fff08541c9e:   48 8b 94 24 00 01 00 00 44 2b cf 48 8b cd ff d0
0x00007fff08541cae:   48 8d 4c 24 70 e8 88 22 e0 ff 48 8b 74 24 68 80
0x00007fff08541cbe:   3d 40 23 6a 00 00 c7 86 54 04 00 00 06 00 00 00
0x00007fff08541cce:   75 06 e8 db 0f 13 00 90 48 8b 86 58 04 00 00 a8
0x00007fff08541cde:   01 74 0d 45 33 c0 b2 01 48 8b ce e8 02 4b 1a 00
0x00007fff08541cee:   8b 86 50 04 00 00 a8 0c 74 08 48 8b ce e8 70 18
0x00007fff08541cfe:   e5 ff c7 86 54 04 00 00 06 00 00 00 48 8b 4c 24
0x00007fff08541d0e:   48 48 8b 74 24 40 48 83 39 00 74 1c 48 8b 54 24
0x00007fff08541d1e:   60 48 8b ce e8 69 24 b2 ff 48 8b 4c 24 48 e8 3f
0x00007fff08541d2e:   24 b2 ff 48 8b 4c 24 48 48 8b 44 24 50 48 39 46
0x00007fff08541d3e:   18 74 16 48 89 4e 10 48 8b 44 24 50 48 89 46 18
0x00007fff08541d4e:   48 8b 44 24 58 48 89 46 20 49 8b cd e8 21 27 e5
0x00007fff08541d5e:   ff 49 8b 85 e0 05 00 00 48 85 c0 74 04 44 89 70
0x00007fff08541d6e:   2c 48 8b 6d 10 48 85 ed 0f 85 e4 fd ff ff 48 8b
0x00007fff08541d7e:   5c 24 30 0f b6 bc 24 18 01 00 00 4c 8b bc 24 b8
0x00007fff08541d8e:   00 00 00 40 84 ff 48 8b bc 24 d8 00 00 00 4c 8b
0x00007fff08541d9e:   b4 24 c0 00 00 00 4c 8b ac 24 c8 00 00 00 48 8b 


Stack slot to memory mapping:

stack at sp + 0 slots: 0x00000178d9d4c2b0 points into unknown readable memory: 0x00000178d9d3fa30 | 30 fa d3 d9 78 01 00 00
stack at sp + 1 slots: 0x000001791f363390 points into unknown readable memory: 0x00000178bc542a00 | 00 2a 54 bc 78 01 00 00
stack at sp + 2 slots: 0x0 is null
stack at sp + 3 slots: 0x00007fff4f0e37e0 ntdll.dll
stack at sp + 4 slots: 0x00000178d9d4c2b0 points into unknown readable memory: 0x00000178d9d3fa30 | 30 fa d3 d9 78 01 00 00
stack at sp + 5 slots: 0x00000178d9d4c300 points into unknown readable memory: 0x8000000000000001 | 01 00 00 00 00 00 00 80
stack at sp + 6 slots: 0x0 is null
stack at sp + 7 slots: 0x00000018292ff780 is pointing into the stack for thread: 0x00000178d9d3fa30


---------------  P R O C E S S  ---------------

Threads class SMR info:
_java_thread_list=0x00000179222aa5d0, length=18, elements={
0x00000178bc829cf0, 0x00000178d9d39620, 0x00000178d9d3aae0, 0x00000178d9d3dae0,
0x00000178d9d3efd0, 0x00000178d9d3fa30, 0x00000178d9d40490, 0x00000178d9d414a0,
0x00000178d9d5dec0, 0x000001791f085cd0, 0x000001791f1cda00, 0x000001791f1ce070,
0x000001791fdc8f20, 0x000001791fdc9590, 0x000001791f393370, 0x000001791f394890,
0x000001791f8a7420, 0x000001791f8a6070
}

Java Threads: ( => current thread )
  0x00000178bc829cf0 JavaThread "main"                              [_thread_in_native, id=9456, stack(0x0000001828600000,0x0000001828700000) (1024K)]
  0x00000178d9d39620 JavaThread "Reference Handler"          daemon [_thread_blocked, id=3760, stack(0x0000001828e00000,0x0000001828f00000) (1024K)]
  0x00000178d9d3aae0 JavaThread "Finalizer"                  daemon [_thread_blocked, id=7440, stack(0x0000001828f00000,0x0000001829000000) (1024K)]
  0x00000178d9d3dae0 JavaThread "Signal Dispatcher"          daemon [_thread_blocked, id=3956, stack(0x0000001829000000,0x0000001829100000) (1024K)]
  0x00000178d9d3efd0 JavaThread "Attach Listener"            daemon [_thread_blocked, id=1868, stack(0x0000001829100000,0x0000001829200000) (1024K)]
=>0x00000178d9d3fa30 JavaThread "Service Thread"             daemon [_thread_in_native, id=4872, stack(0x0000001829200000,0x0000001829300000) (1024K)]
  0x00000178d9d40490 JavaThread "Monitor Deflation Thread"   daemon [_thread_blocked, id=8356, stack(0x0000001829300000,0x0000001829400000) (1024K)]
  0x00000178d9d414a0 JavaThread "C2 CompilerThread0"         daemon [_thread_blocked, id=2500, stack(0x0000001829400000,0x0000001829500000) (1024K)]
  0x00000178d9d5dec0 JavaThread "C1 CompilerThread0"         daemon [_thread_blocked, id=4692, stack(0x0000001829500000,0x0000001829600000) (1024K)]
  0x000001791f085cd0 JavaThread "Common-Cleaner"             daemon [_thread_blocked, id=7960, stack(0x0000001829600000,0x0000001829700000) (1024K)]
  0x000001791f1cda00 JavaThread "Monitor Ctrl-Break"         daemon [_thread_in_native, id=3228, stack(0x0000001829700000,0x0000001829800000) (1024K)]
  0x000001791f1ce070 JavaThread "Notification Thread"        daemon [_thread_blocked, id=7104, stack(0x0000001829800000,0x0000001829900000) (1024K)]
  0x000001791fdc8f20 JavaThread "RMI TCP Accept-0"           daemon [_thread_in_native, id=1768, stack(0x0000001829a00000,0x0000001829b00000) (1024K)]
  0x000001791fdc9590 JavaThread "RMI TCP Connection(1)-192.168.101.8" daemon [_thread_in_native, id=3052, stack(0x0000001829b00000,0x0000001829c00000) (1024K)]
  0x000001791f393370 JavaThread "RMI Scheduler(0)"           daemon [_thread_blocked, id=2356, stack(0x0000001829c00000,0x0000001829d00000) (1024K)]
  0x000001791f394890 JavaThread "JMX server connection timeout 25" daemon [_thread_blocked, id=3196, stack(0x0000001829d00000,0x0000001829e00000) (1024K)]
  0x000001791f8a7420 JavaThread "JFR Recorder Thread"        daemon [_thread_in_native, id=5400, stack(0x0000001828400000,0x0000001828500000) (1024K)]
  0x000001791f8a6070 JavaThread "JFR Periodic Tasks"         daemon [_thread_blocked, id=8392, stack(0x0000001828500000,0x0000001828600000) (1024K)]
Total: 18

Other Threads:
  0x00000178d9d1c5a0 VMThread "VM Thread"                           [id=5144, stack(0x0000001828d00000,0x0000001828e00000) (1024K)]
  0x00000178d9d03910 WatcherThread "VM Periodic Task Thread"        [id=9296, stack(0x0000001828c00000,0x0000001828d00000) (1024K)]
  0x00000178bc871e50 WorkerThread "GC Thread#0"                     [id=5836, stack(0x0000001828700000,0x0000001828800000) (1024K)]
  0x00000178d9d1d460 WorkerThread "GC Thread#1"                     [id=4416, stack(0x0000001829900000,0x0000001829a00000) (1024K)]
  0x00000178d9d1ba90 WorkerThread "GC Thread#2"                     [id=1648, stack(0x0000001829e00000,0x0000001829f00000) (1024K)]
  0x000001791fa12530 WorkerThread "GC Thread#3"                     [id=7696, stack(0x0000001829f00000,0x000000182a000000) (1024K)]
  0x00000178bc87f640 ConcurrentGCThread "G1 Main Marker"            [id=9352, stack(0x0000001828800000,0x0000001828900000) (1024K)]
  0x00000178bc881100 WorkerThread "G1 Conc#0"                       [id=7452, stack(0x0000001828900000,0x0000001828a00000) (1024K)]
  0x00000178d9be10a0 ConcurrentGCThread "G1 Refine#0"               [id=4816, stack(0x0000001828a00000,0x0000001828b00000) (1024K)]
  0x00000178d9be1b20 ConcurrentGCThread "G1 Service"                [id=4452, stack(0x0000001828b00000,0x0000001828c00000) (1024K)]
Total: 10

Threads with active compile tasks:
Total: 0

VM state: not at safepoint (normal execution)

VM Mutex/Monitor currently owned by a thread: None

Heap address: 0x00000000a0e00000, size: 1522 MB, Compressed Oops mode: 32-bit

CDS archive(s) mapped at: [0x00000178da000000-0x00000178dac60000-0x00000178dac60000), size 12976128, SharedBaseAddress: 0x00000178da000000, ArchiveRelocationMode: 1.
Compressed class space mapped at: 0x00000178db000000-0x000001791b000000, reserved size: 1073741824
Narrow klass base: 0x00000178da000000, Narrow klass shift: 0, Narrow klass range: 0x41000000

GC Precious Log:
 CardTable entry size: 512
 Card Set container configuration: InlinePtr #cards 5 size 8 Array Of Cards #cards 12 size 40 Howl #buckets 4 coarsen threshold 1843 Howl Bitmap #cards 512 size 80 coarsen threshold 460 Card regions per heap region 1 cards per card region 2048
 CPUs: 4 total, 4 available
 Memory: 6081M
 Large Page Support: Disabled
 NUMA Support: Disabled
 Compressed Oops: Enabled (32-bit)
 Heap Region Size: 1M
 Heap Min Capacity: 8M
 Heap Initial Capacity: 96M
 Heap Max Capacity: 1522M
 Pre-touch: Disabled
 Parallel Workers: 4
 Concurrent Workers: 1
 Concurrent Refinement Workers: 4
 Periodic GC: Disabled

Heap:
 garbage-first heap   total reserved 1558528K, committed 98304K, used 19744K [0x00000000a0e00000, 0x0000000100000000)
  region size 1024K, 19 young (19456K), 2 survivors (2048K)
 Metaspace       used 8907K, committed 9152K, reserved 1114112K
  class space    used 933K, committed 1024K, reserved 1048576K

Heap Regions: E=young(eden), S=young(survivor), O=old, HS=humongous(starts), HC=humongous(continues), CS=collection set, F=free, TAMS=top-at-mark-start, PB=parsable bottom
|   0|0x00000000a0e00000, 0x00000000a0f00000, 0x00000000a0f00000|100%| O|  |TAMS 0x00000000a0e00000| PB 0x00000000a0e00000| Untracked |  0
|   1|0x00000000a0f00000, 0x00000000a0f48000, 0x00000000a1000000| 28%| O|  |TAMS 0x00000000a0f00000| PB 0x00000000a0f00000| Untracked |  0
|   2|0x00000000a1000000, 0x00000000a1000000, 0x00000000a1100000|  0%| F|  |TAMS 0x00000000a1000000| PB 0x00000000a1000000| Untracked |  0
|   3|0x00000000a1100000, 0x00000000a1100000, 0x00000000a1200000|  0%| F|  |TAMS 0x00000000a1100000| PB 0x00000000a1100000| Untracked |  0
|   4|0x00000000a1200000, 0x00000000a1200000, 0x00000000a1300000|  0%| F|  |TAMS 0x00000000a1200000| PB 0x00000000a1200000| Untracked |  0
|   5|0x00000000a1300000, 0x00000000a1300000, 0x00000000a1400000|  0%| F|  |TAMS 0x00000000a1300000| PB 0x00000000a1300000| Untracked |  0
|   6|0x00000000a1400000, 0x00000000a1400000, 0x00000000a1500000|  0%| F|  |TAMS 0x00000000a1400000| PB 0x00000000a1400000| Untracked |  0
|   7|0x00000000a1500000, 0x00000000a1500000, 0x00000000a1600000|  0%| F|  |TAMS 0x00000000a1500000| PB 0x00000000a1500000| Untracked |  0
|   8|0x00000000a1600000, 0x00000000a1600000, 0x00000000a1700000|  0%| F|  |TAMS 0x00000000a1600000| PB 0x00000000a1600000| Untracked |  0
|   9|0x00000000a1700000, 0x00000000a1700000, 0x00000000a1800000|  0%| F|  |TAMS 0x00000000a1700000| PB 0x00000000a1700000| Untracked |  0
|  10|0x00000000a1800000, 0x00000000a1800000, 0x00000000a1900000|  0%| F|  |TAMS 0x00000000a1800000| PB 0x00000000a1800000| Untracked |  0
|  11|0x00000000a1900000, 0x00000000a1900000, 0x00000000a1a00000|  0%| F|  |TAMS 0x00000000a1900000| PB 0x00000000a1900000| Untracked |  0
|  12|0x00000000a1a00000, 0x00000000a1a00000, 0x00000000a1b00000|  0%| F|  |TAMS 0x00000000a1a00000| PB 0x00000000a1a00000| Untracked |  0
|  13|0x00000000a1b00000, 0x00000000a1b00000, 0x00000000a1c00000|  0%| F|  |TAMS 0x00000000a1b00000| PB 0x00000000a1b00000| Untracked |  0
|  14|0x00000000a1c00000, 0x00000000a1c00000, 0x00000000a1d00000|  0%| F|  |TAMS 0x00000000a1c00000| PB 0x00000000a1c00000| Untracked |  0
|  15|0x00000000a1d00000, 0x00000000a1d00000, 0x00000000a1e00000|  0%| F|  |TAMS 0x00000000a1d00000| PB 0x00000000a1d00000| Untracked |  0
|  16|0x00000000a1e00000, 0x00000000a1e00000, 0x00000000a1f00000|  0%| F|  |TAMS 0x00000000a1e00000| PB 0x00000000a1e00000| Untracked |  0
|  17|0x00000000a1f00000, 0x00000000a1f00000, 0x00000000a2000000|  0%| F|  |TAMS 0x00000000a1f00000| PB 0x00000000a1f00000| Untracked |  0
|  18|0x00000000a2000000, 0x00000000a2000000, 0x00000000a2100000|  0%| F|  |TAMS 0x00000000a2000000| PB 0x00000000a2000000| Untracked |  0
|  19|0x00000000a2100000, 0x00000000a2100000, 0x00000000a2200000|  0%| F|  |TAMS 0x00000000a2100000| PB 0x00000000a2100000| Untracked |  0
|  20|0x00000000a2200000, 0x00000000a2200000, 0x00000000a2300000|  0%| F|  |TAMS 0x00000000a2200000| PB 0x00000000a2200000| Untracked |  0
|  21|0x00000000a2300000, 0x00000000a2300000, 0x00000000a2400000|  0%| F|  |TAMS 0x00000000a2300000| PB 0x00000000a2300000| Untracked |  0
|  22|0x00000000a2400000, 0x00000000a2400000, 0x00000000a2500000|  0%| F|  |TAMS 0x00000000a2400000| PB 0x00000000a2400000| Untracked |  0
|  23|0x00000000a2500000, 0x00000000a2500000, 0x00000000a2600000|  0%| F|  |TAMS 0x00000000a2500000| PB 0x00000000a2500000| Untracked |  0
|  24|0x00000000a2600000, 0x00000000a2600000, 0x00000000a2700000|  0%| F|  |TAMS 0x00000000a2600000| PB 0x00000000a2600000| Untracked |  0
|  25|0x00000000a2700000, 0x00000000a2700000, 0x00000000a2800000|  0%| F|  |TAMS 0x00000000a2700000| PB 0x00000000a2700000| Untracked |  0
|  26|0x00000000a2800000, 0x00000000a2800000, 0x00000000a2900000|  0%| F|  |TAMS 0x00000000a2800000| PB 0x00000000a2800000| Untracked |  0
|  27|0x00000000a2900000, 0x00000000a2900000, 0x00000000a2a00000|  0%| F|  |TAMS 0x00000000a2900000| PB 0x00000000a2900000| Untracked |  0
|  28|0x00000000a2a00000, 0x00000000a2a00000, 0x00000000a2b00000|  0%| F|  |TAMS 0x00000000a2a00000| PB 0x00000000a2a00000| Untracked |  0
|  29|0x00000000a2b00000, 0x00000000a2b00000, 0x00000000a2c00000|  0%| F|  |TAMS 0x00000000a2b00000| PB 0x00000000a2b00000| Untracked |  0
|  30|0x00000000a2c00000, 0x00000000a2c00000, 0x00000000a2d00000|  0%| F|  |TAMS 0x00000000a2c00000| PB 0x00000000a2c00000| Untracked |  0
|  31|0x00000000a2d00000, 0x00000000a2d00000, 0x00000000a2e00000|  0%| F|  |TAMS 0x00000000a2d00000| PB 0x00000000a2d00000| Untracked |  0
|  32|0x00000000a2e00000, 0x00000000a2e00000, 0x00000000a2f00000|  0%| F|  |TAMS 0x00000000a2e00000| PB 0x00000000a2e00000| Untracked |  0
|  33|0x00000000a2f00000, 0x00000000a2f00000, 0x00000000a3000000|  0%| F|  |TAMS 0x00000000a2f00000| PB 0x00000000a2f00000| Untracked |  0
|  34|0x00000000a3000000, 0x00000000a3000000, 0x00000000a3100000|  0%| F|  |TAMS 0x00000000a3000000| PB 0x00000000a3000000| Untracked |  0
|  35|0x00000000a3100000, 0x00000000a3100000, 0x00000000a3200000|  0%| F|  |TAMS 0x00000000a3100000| PB 0x00000000a3100000| Untracked |  0
|  36|0x00000000a3200000, 0x00000000a3200000, 0x00000000a3300000|  0%| F|  |TAMS 0x00000000a3200000| PB 0x00000000a3200000| Untracked |  0
|  37|0x00000000a3300000, 0x00000000a3300000, 0x00000000a3400000|  0%| F|  |TAMS 0x00000000a3300000| PB 0x00000000a3300000| Untracked |  0
|  38|0x00000000a3400000, 0x00000000a3400000, 0x00000000a3500000|  0%| F|  |TAMS 0x00000000a3400000| PB 0x00000000a3400000| Untracked |  0
|  39|0x00000000a3500000, 0x00000000a3500000, 0x00000000a3600000|  0%| F|  |TAMS 0x00000000a3500000| PB 0x00000000a3500000| Untracked |  0
|  40|0x00000000a3600000, 0x00000000a3600000, 0x00000000a3700000|  0%| F|  |TAMS 0x00000000a3600000| PB 0x00000000a3600000| Untracked |  0
|  41|0x00000000a3700000, 0x00000000a3700000, 0x00000000a3800000|  0%| F|  |TAMS 0x00000000a3700000| PB 0x00000000a3700000| Untracked |  0
|  42|0x00000000a3800000, 0x00000000a3800000, 0x00000000a3900000|  0%| F|  |TAMS 0x00000000a3800000| PB 0x00000000a3800000| Untracked |  0
|  43|0x00000000a3900000, 0x00000000a3900000, 0x00000000a3a00000|  0%| F|  |TAMS 0x00000000a3900000| PB 0x00000000a3900000| Untracked |  0
|  44|0x00000000a3a00000, 0x00000000a3a00000, 0x00000000a3b00000|  0%| F|  |TAMS 0x00000000a3a00000| PB 0x00000000a3a00000| Untracked |  0
|  45|0x00000000a3b00000, 0x00000000a3b00000, 0x00000000a3c00000|  0%| F|  |TAMS 0x00000000a3b00000| PB 0x00000000a3b00000| Untracked |  0
|  46|0x00000000a3c00000, 0x00000000a3c00000, 0x00000000a3d00000|  0%| F|  |TAMS 0x00000000a3c00000| PB 0x00000000a3c00000| Untracked |  0
|  47|0x00000000a3d00000, 0x00000000a3d00000, 0x00000000a3e00000|  0%| F|  |TAMS 0x00000000a3d00000| PB 0x00000000a3d00000| Untracked |  0
|  48|0x00000000a3e00000, 0x00000000a3e00000, 0x00000000a3f00000|  0%| F|  |TAMS 0x00000000a3e00000| PB 0x00000000a3e00000| Untracked |  0
|  49|0x00000000a3f00000, 0x00000000a3f00000, 0x00000000a4000000|  0%| F|  |TAMS 0x00000000a3f00000| PB 0x00000000a3f00000| Untracked |  0
|  50|0x00000000a4000000, 0x00000000a4000000, 0x00000000a4100000|  0%| F|  |TAMS 0x00000000a4000000| PB 0x00000000a4000000| Untracked |  0
|  51|0x00000000a4100000, 0x00000000a4100000, 0x00000000a4200000|  0%| F|  |TAMS 0x00000000a4100000| PB 0x00000000a4100000| Untracked |  0
|  52|0x00000000a4200000, 0x00000000a4200000, 0x00000000a4300000|  0%| F|  |TAMS 0x00000000a4200000| PB 0x00000000a4200000| Untracked |  0
|  53|0x00000000a4300000, 0x00000000a4300000, 0x00000000a4400000|  0%| F|  |TAMS 0x00000000a4300000| PB 0x00000000a4300000| Untracked |  0
|  54|0x00000000a4400000, 0x00000000a4400000, 0x00000000a4500000|  0%| F|  |TAMS 0x00000000a4400000| PB 0x00000000a4400000| Untracked |  0
|  55|0x00000000a4500000, 0x00000000a4500000, 0x00000000a4600000|  0%| F|  |TAMS 0x00000000a4500000| PB 0x00000000a4500000| Untracked |  0
|  56|0x00000000a4600000, 0x00000000a4600000, 0x00000000a4700000|  0%| F|  |TAMS 0x00000000a4600000| PB 0x00000000a4600000| Untracked |  0
|  57|0x00000000a4700000, 0x00000000a4700000, 0x00000000a4800000|  0%| F|  |TAMS 0x00000000a4700000| PB 0x00000000a4700000| Untracked |  0
|  58|0x00000000a4800000, 0x00000000a4800000, 0x00000000a4900000|  0%| F|  |TAMS 0x00000000a4800000| PB 0x00000000a4800000| Untracked |  0
|  59|0x00000000a4900000, 0x00000000a4900000, 0x00000000a4a00000|  0%| F|  |TAMS 0x00000000a4900000| PB 0x00000000a4900000| Untracked |  0
|  60|0x00000000a4a00000, 0x00000000a4a00000, 0x00000000a4b00000|  0%| F|  |TAMS 0x00000000a4a00000| PB 0x00000000a4a00000| Untracked |  0
|  61|0x00000000a4b00000, 0x00000000a4b00000, 0x00000000a4c00000|  0%| F|  |TAMS 0x00000000a4b00000| PB 0x00000000a4b00000| Untracked |  0
|  62|0x00000000a4c00000, 0x00000000a4c00000, 0x00000000a4d00000|  0%| F|  |TAMS 0x00000000a4c00000| PB 0x00000000a4c00000| Untracked |  0
|  63|0x00000000a4d00000, 0x00000000a4d00000, 0x00000000a4e00000|  0%| F|  |TAMS 0x00000000a4d00000| PB 0x00000000a4d00000| Untracked |  0
|  64|0x00000000a4e00000, 0x00000000a4e00000, 0x00000000a4f00000|  0%| F|  |TAMS 0x00000000a4e00000| PB 0x00000000a4e00000| Untracked |  0
|  65|0x00000000a4f00000, 0x00000000a4f00000, 0x00000000a5000000|  0%| F|  |TAMS 0x00000000a4f00000| PB 0x00000000a4f00000| Untracked |  0
|  66|0x00000000a5000000, 0x00000000a5000000, 0x00000000a5100000|  0%| F|  |TAMS 0x00000000a5000000| PB 0x00000000a5000000| Untracked |  0
|  67|0x00000000a5100000, 0x00000000a5100000, 0x00000000a5200000|  0%| F|  |TAMS 0x00000000a5100000| PB 0x00000000a5100000| Untracked |  0
|  68|0x00000000a5200000, 0x00000000a5200000, 0x00000000a5300000|  0%| F|  |TAMS 0x00000000a5200000| PB 0x00000000a5200000| Untracked |  0
|  69|0x00000000a5300000, 0x00000000a5300000, 0x00000000a5400000|  0%| F|  |TAMS 0x00000000a5300000| PB 0x00000000a5300000| Untracked |  0
|  70|0x00000000a5400000, 0x00000000a5400000, 0x00000000a5500000|  0%| F|  |TAMS 0x00000000a5400000| PB 0x00000000a5400000| Untracked |  0
|  71|0x00000000a5500000, 0x00000000a5500000, 0x00000000a5600000|  0%| F|  |TAMS 0x00000000a5500000| PB 0x00000000a5500000| Untracked |  0
|  72|0x00000000a5600000, 0x00000000a5600000, 0x00000000a5700000|  0%| F|  |TAMS 0x00000000a5600000| PB 0x00000000a5600000| Untracked |  0
|  73|0x00000000a5700000, 0x00000000a5700000, 0x00000000a5800000|  0%| F|  |TAMS 0x00000000a5700000| PB 0x00000000a5700000| Untracked |  0
|  74|0x00000000a5800000, 0x00000000a5800000, 0x00000000a5900000|  0%| F|  |TAMS 0x00000000a5800000| PB 0x00000000a5800000| Untracked |  0
|  75|0x00000000a5900000, 0x00000000a5900000, 0x00000000a5a00000|  0%| F|  |TAMS 0x00000000a5900000| PB 0x00000000a5900000| Untracked |  0
|  76|0x00000000a5a00000, 0x00000000a5a00000, 0x00000000a5b00000|  0%| F|  |TAMS 0x00000000a5a00000| PB 0x00000000a5a00000| Untracked |  0
|  77|0x00000000a5b00000, 0x00000000a5bb0fe8, 0x00000000a5c00000| 69%| E|  |TAMS 0x00000000a5b00000| PB 0x00000000a5b00000| Complete |  0
|  78|0x00000000a5c00000, 0x00000000a5d00000, 0x00000000a5d00000|100%| E|CS|TAMS 0x00000000a5c00000| PB 0x00000000a5c00000| Complete |  0
|  79|0x00000000a5d00000, 0x00000000a5e00000, 0x00000000a5e00000|100%| E|CS|TAMS 0x00000000a5d00000| PB 0x00000000a5d00000| Complete |  0
|  80|0x00000000a5e00000, 0x00000000a5f00000, 0x00000000a5f00000|100%| S|CS|TAMS 0x00000000a5e00000| PB 0x00000000a5e00000| Complete |  0
|  81|0x00000000a5f00000, 0x00000000a6000000, 0x00000000a6000000|100%| S|CS|TAMS 0x00000000a5f00000| PB 0x00000000a5f00000| Complete |  0
|  82|0x00000000a6000000, 0x00000000a6100000, 0x00000000a6100000|100%| E|CS|TAMS 0x00000000a6000000| PB 0x00000000a6000000| Complete |  0
|  83|0x00000000a6100000, 0x00000000a6200000, 0x00000000a6200000|100%| E|CS|TAMS 0x00000000a6100000| PB 0x00000000a6100000| Complete |  0
|  84|0x00000000a6200000, 0x00000000a6300000, 0x00000000a6300000|100%| E|CS|TAMS 0x00000000a6200000| PB 0x00000000a6200000| Complete |  0
|  85|0x00000000a6300000, 0x00000000a6400000, 0x00000000a6400000|100%| E|CS|TAMS 0x00000000a6300000| PB 0x00000000a6300000| Complete |  0
|  86|0x00000000a6400000, 0x00000000a6500000, 0x00000000a6500000|100%| E|CS|TAMS 0x00000000a6400000| PB 0x00000000a6400000| Complete |  0
|  87|0x00000000a6500000, 0x00000000a6600000, 0x00000000a6600000|100%| E|CS|TAMS 0x00000000a6500000| PB 0x00000000a6500000| Complete |  0
|  88|0x00000000a6600000, 0x00000000a6700000, 0x00000000a6700000|100%| E|CS|TAMS 0x00000000a6600000| PB 0x00000000a6600000| Complete |  0
|  89|0x00000000a6700000, 0x00000000a6800000, 0x00000000a6800000|100%| E|CS|TAMS 0x00000000a6700000| PB 0x00000000a6700000| Complete |  0
|  90|0x00000000a6800000, 0x00000000a6900000, 0x00000000a6900000|100%| E|CS|TAMS 0x00000000a6800000| PB 0x00000000a6800000| Complete |  0
|  91|0x00000000a6900000, 0x00000000a6a00000, 0x00000000a6a00000|100%| E|CS|TAMS 0x00000000a6900000| PB 0x00000000a6900000| Complete |  0
|  92|0x00000000a6a00000, 0x00000000a6b00000, 0x00000000a6b00000|100%| E|CS|TAMS 0x00000000a6a00000| PB 0x00000000a6a00000| Complete |  0
|  93|0x00000000a6b00000, 0x00000000a6c00000, 0x00000000a6c00000|100%| E|CS|TAMS 0x00000000a6b00000| PB 0x00000000a6b00000| Complete |  0
|  94|0x00000000a6c00000, 0x00000000a6d00000, 0x00000000a6d00000|100%| E|CS|TAMS 0x00000000a6c00000| PB 0x00000000a6c00000| Complete |  0
|  95|0x00000000a6d00000, 0x00000000a6e00000, 0x00000000a6e00000|100%| E|CS|TAMS 0x00000000a6d00000| PB 0x00000000a6d00000| Complete |  0

Card table byte_map: [0x00000178d5c80000,0x00000178d5f80000] _byte_map_base: 0x00000178d5779000

Marking Bits: (CMBitMap*) 0x00000178bc872560
 Bits: [0x00000178d5f80000, 0x00000178d7748000)

Polling page: 0x00000178c6330000

Metaspace:

Usage:
  Non-class:      7.79 MB used.
      Class:    933.92 KB used.
       Both:      8.70 MB used.

Virtual space:
  Non-class space:       64.00 MB reserved,       7.94 MB ( 12%) committed,  1 nodes.
      Class space:        1.00 GB reserved,       1.00 MB ( <1%) committed,  1 nodes.
             Both:        1.06 GB reserved,       8.94 MB ( <1%) committed. 

Chunk freelists:
   Non-Class:  8.07 MB
       Class:  15.00 MB
        Both:  23.08 MB

MaxMetaspaceSize: unlimited
CompressedClassSpaceSize: 1.00 GB
Initial GC threshold: 21.00 MB
Current GC threshold: 21.00 MB
CDS: on
 - commit_granule_bytes: 65536.
 - commit_granule_words: 8192.
 - virtual_space_node_default_size: 8388608.
 - enlarge_chunks_in_place: 1.
 - use_allocation_guard: 0.


Internal statistics:

num_allocs_failed_limit: 0.
num_arena_births: 298.
num_arena_deaths: 0.
num_vsnodes_births: 2.
num_vsnodes_deaths: 0.
num_space_committed: 143.
num_space_uncommitted: 0.
num_chunks_returned_to_freelist: 0.
num_chunks_taken_from_freelist: 396.
num_chunk_merges: 0.
num_chunk_splits: 228.
num_chunks_enlarged: 80.
num_inconsistent_stats: 0.

CodeHeap 'non-profiled nmethods': size=120000Kb used=1064Kb max_used=1064Kb free=118936Kb
 bounds [0x00000178cde20000, 0x00000178ce090000, 0x00000178d5350000]
CodeHeap 'profiled nmethods': size=120000Kb used=5243Kb max_used=5243Kb free=114757Kb
 bounds [0x00000178c6350000, 0x00000178c6870000, 0x00000178cd880000]
CodeHeap 'non-nmethods': size=5760Kb used=1434Kb max_used=1467Kb free=4325Kb
 bounds [0x00000178cd880000, 0x00000178cdaf0000, 0x00000178cde20000]
 total_blobs=3261 nmethods=2740 adapters=425
 compilation: enabled
              stopped_count=0, restarted_count=0
 full_count=0

Compilation events (20 events):
Event: 90.406 Thread 0x00000178d9d414a0 nmethod 2702 0x00000178cdf24c90 code [0x00000178cdf24e20, 0x00000178cdf25078]
Event: 90.406 Thread 0x00000178d9d414a0 2705       4       com.sun.jmx.mbeanserver.DefaultMXBeanMappingFactory$IdentityMapping::toNonNullOpenValue (2 bytes)
Event: 90.406 Thread 0x00000178d9d414a0 nmethod 2705 0x00000178cdf25410 code [0x00000178cdf25580, 0x00000178cdf25608]
Event: 91.562 Thread 0x00000178d9d5dec0 2714       3       sun.nio.ch.IOStatus::okayToRetry (22 bytes)
Event: 91.562 Thread 0x00000178d9d5dec0 nmethod 2714 0x00000178c6859010 code [0x00000178c68591a0, 0x00000178c6859320]
Event: 91.563 Thread 0x00000178d9d5dec0 2720       3       sun.nio.ch.NioSocketImpl::timedRead (85 bytes)
Event: 91.563 Thread 0x00000178d9d414a0 2722   !   4       java.io.ObjectInputStream$BlockDataInputStream::readUTFSpan (502 bytes)
Event: 91.563 Thread 0x00000178d9d5dec0 nmethod 2720 0x00000178c6859410 code [0x00000178c6859620, 0x00000178c6859ae8]
Event: 91.563 Thread 0x00000178d9d5dec0 2718   !   3       sun.nio.ch.NioSocketImpl::implRead (223 bytes)
Event: 91.564 Thread 0x00000178d9d5dec0 nmethod 2718 0x00000178c6859e90 code [0x00000178c685a160, 0x00000178c685ae60]
Event: 91.564 Thread 0x00000178d9d5dec0 2719   !   3       sun.nio.ch.NioSocketImpl::beginRead (30 bytes)
Event: 91.565 Thread 0x00000178d9d5dec0 nmethod 2719 0x00000178c685bb10 code [0x00000178c685bce0, 0x00000178c685c120]
Event: 91.565 Thread 0x00000178d9d5dec0 2715       3       java.net.Socket$SocketInputStream::read (69 bytes)
Event: 91.565 Thread 0x00000178d9d5dec0 nmethod 2715 0x00000178c685c410 code [0x00000178c685c5c0, 0x00000178c685c768]
Event: 91.565 Thread 0x00000178d9d5dec0 2717       3       sun.nio.ch.NioSocketImpl$1::read (11 bytes)
Event: 91.565 Thread 0x00000178d9d5dec0 nmethod 2717 0x00000178c685c890 code [0x00000178c685ca40, 0x00000178c685cb80]
Event: 91.565 Thread 0x00000178d9d5dec0 2721   !   3       sun.nio.ch.NioSocketImpl::endRead (58 bytes)
Event: 91.566 Thread 0x00000178d9d5dec0 nmethod 2721 0x00000178c685cc90 code [0x00000178c685ce60, 0x00000178c685d270]
Event: 91.566 Thread 0x00000178d9d5dec0 2716       1       jdk.internal.event.SocketReadEvent::enabled (2 bytes)
Event: 91.566 Thread 0x00000178d9d5dec0 nmethod 2716 0x00000178cdf25710 code [0x00000178cdf258a0, 0x00000178cdf25948]

GC Heap History (2 events):
Event: 5.166 GC heap before
{Heap before GC invocations=0 (full 0):
 garbage-first heap   total reserved 1558528K, committed 98304K, used 13312K [0x00000000a0e00000, 0x0000000100000000)
  region size 1024K, 14 young (14336K), 0 survivors (0K)
 Metaspace       used 6546K, committed 6912K, reserved 1114112K
  class space    used 725K, committed 896K, reserved 1048576K
}
Event: 5.174 GC heap after
{Heap after GC invocations=1 (full 0):
 garbage-first heap   total reserved 1558528K, committed 98304K, used 3360K [0x00000000a0e00000, 0x0000000100000000)
  region size 1024K, 2 young (2048K), 2 survivors (2048K)
 Metaspace       used 6546K, committed 6912K, reserved 1114112K
  class space    used 725K, committed 896K, reserved 1048576K
}

Dll operation events (14 events):
Event: 0.018 Loaded shared library C:\Program Files\Java\jdk-22\bin\java.dll
Event: 0.079 Loaded shared library C:\Program Files\Java\jdk-22\bin\jsvml.dll
Event: 0.240 Loaded shared library C:\Program Files\Java\jdk-22\bin\zip.dll
Event: 0.249 Loaded shared library C:\Program Files\Java\jdk-22\bin\instrument.dll
Event: 0.260 Loaded shared library C:\Program Files\Java\jdk-22\bin\net.dll
Event: 0.263 Loaded shared library C:\Program Files\Java\jdk-22\bin\nio.dll
Event: 0.276 Loaded shared library C:\Program Files\Java\jdk-22\bin\zip.dll
Event: 0.297 Loaded shared library C:\Program Files\JetBrains\IntelliJ IDEA 2024.2.4\bin\breakgen64.dll
Event: 0.313 Loaded shared library C:\Program Files\Java\jdk-22\bin\extnet.dll
Event: 0.319 Loaded shared library C:\Program Files\Java\jdk-22\bin\jimage.dll
Event: 1.023 Loaded shared library C:\Program Files\Java\jdk-22\bin\management.dll
Event: 1.046 Loaded shared library C:\Program Files\Java\jdk-22\bin\management_ext.dll
Event: 86.458 Loaded shared library C:\Users\JUANJO~1\AppData\Local\Temp\idea_libasyncProfiler_dll_temp_folder\libasyncProfiler.dll
Event: 87.140 Unloaded dll "C:\Users\JUANJO~1\AppData\Local\Temp\idea_libasyncProfiler_dll_temp_folder\libasyncProfiler.dll" [0x00007ffef28d0000]

Deoptimization events (20 events):
Event: 87.218 Thread 0x000001791fdc9590 DEOPT PACKING pc=0x00000178c65d8e2c sp=0x0000001829bfea60
Event: 87.218 Thread 0x000001791fdc9590 DEOPT UNPACKING pc=0x00000178cd8d4e42 sp=0x0000001829bfdf08 mode 0
Event: 87.219 Thread 0x000001791fdc9590 DEOPT PACKING pc=0x00000178c65ba744 sp=0x0000001829bfeb00
Event: 87.219 Thread 0x000001791fdc9590 DEOPT UNPACKING pc=0x00000178cd8d4e42 sp=0x0000001829bfe000 mode 0
Event: 87.219 Thread 0x000001791fdc9590 DEOPT PACKING pc=0x00000178c65d782c sp=0x0000001829bfebe0
Event: 87.219 Thread 0x000001791fdc9590 DEOPT UNPACKING pc=0x00000178cd8d4e42 sp=0x0000001829bfe0e8 mode 0
Event: 87.219 Thread 0x000001791fdc9590 DEOPT PACKING pc=0x00000178c65ba044 sp=0x0000001829bfecc0
Event: 87.219 Thread 0x000001791fdc9590 DEOPT UNPACKING pc=0x00000178cd8d4e42 sp=0x0000001829bfe148 mode 0
Event: 87.219 Thread 0x000001791fdc9590 DEOPT PACKING pc=0x00000178c65d6714 sp=0x0000001829bfed00
Event: 87.219 Thread 0x000001791fdc9590 DEOPT UNPACKING pc=0x00000178cd8d4e42 sp=0x0000001829bfe198 mode 0
Event: 87.219 Thread 0x000001791fdc9590 DEOPT PACKING pc=0x00000178c65b9c0c sp=0x0000001829bfed60
Event: 87.219 Thread 0x000001791fdc9590 DEOPT UNPACKING pc=0x00000178cd8d4e42 sp=0x0000001829bfe200 mode 0
Event: 87.219 Thread 0x000001791fdc9590 DEOPT PACKING pc=0x00000178c65b1134 sp=0x0000001829bfede0
Event: 87.219 Thread 0x000001791fdc9590 DEOPT UNPACKING pc=0x00000178cd8d4e42 sp=0x0000001829bfe2e8 mode 0
Event: 87.219 Thread 0x000001791fdc9590 DEOPT PACKING pc=0x00000178c652e21c sp=0x0000001829bfeea0
Event: 87.219 Thread 0x000001791fdc9590 DEOPT UNPACKING pc=0x00000178cd8d4e42 sp=0x0000001829bfe370 mode 0
Event: 87.219 Thread 0x000001791fdc9590 DEOPT PACKING pc=0x00000178c651914c sp=0x0000001829bfef10
Event: 87.219 Thread 0x000001791fdc9590 DEOPT UNPACKING pc=0x00000178cd8d4e42 sp=0x0000001829bfe408 mode 0
Event: 87.219 Thread 0x000001791fdc9590 DEOPT PACKING pc=0x00000178c65c20cc sp=0x0000001829bfefc0
Event: 87.219 Thread 0x000001791fdc9590 DEOPT UNPACKING pc=0x00000178cd8d4e42 sp=0x0000001829bfe458 mode 0

Classes loaded (20 events):
Event: 87.059 Loading class jdk/jfr/internal/MetadataWriter
Event: 87.059 Loading class jdk/jfr/internal/MetadataWriter done
Event: 87.059 Loading class jdk/jfr/internal/MetadataDescriptor$Element
Event: 87.059 Loading class jdk/jfr/internal/MetadataDescriptor$Element done
Event: 87.060 Loading class jdk/jfr/internal/MetadataDescriptor$Attribute
Event: 87.060 Loading class jdk/jfr/internal/MetadataDescriptor$Attribute done
Event: 87.099 Loading class jdk/jfr/internal/consumer/StringParser$Encoding
Event: 87.099 Loading class jdk/jfr/internal/consumer/StringParser$Encoding done
Event: 87.116 Loading class jdk/jfr/internal/periodic/Batch
Event: 87.116 Loading class jdk/jfr/internal/periodic/Batch done
Event: 87.117 Loading class jdk/jfr/internal/consumer/RepositoryFiles
Event: 87.117 Loading class jdk/jfr/internal/consumer/RepositoryFiles done
Event: 87.120 Loading class jdk/jfr/internal/SettingsManager$InternalSetting
Event: 87.121 Loading class jdk/jfr/internal/SettingsManager$InternalSetting done
Event: 87.128 Loading class jdk/jfr/internal/util/ValueParser
Event: 87.128 Loading class jdk/jfr/internal/util/ValueParser done
Event: 87.129 Loading class jdk/jfr/internal/settings/ThrottleUnit
Event: 87.129 Loading class jdk/jfr/internal/settings/ThrottleUnit done
Event: 87.132 Loading class jdk/jfr/internal/periodic/PeriodicType
Event: 87.132 Loading class jdk/jfr/internal/periodic/PeriodicType done

Classes unloaded (0 events):
No events

Classes redefined (4 events):
Event: 87.003 Thread 0x00000178d9d1c5a0 redefined class name=java.io.FileInputStream, count=1
Event: 87.003 Thread 0x00000178d9d1c5a0 redefined class name=java.io.FileOutputStream, count=1
Event: 87.003 Thread 0x00000178d9d1c5a0 redefined class name=java.io.RandomAccessFile, count=1
Event: 87.004 Thread 0x00000178d9d1c5a0 redefined class name=sun.nio.ch.FileChannelImpl, count=1

Internal exceptions (20 events):
Event: 2.082 Thread 0x000001791fdc9590 Exception <a 'java/lang/NoSuchMethodError'{0x00000000a613e128}: 'java.lang.Object java.lang.invoke.DirectMethodHandle$Holder.invokeInterface(java.lang.Object, java.lang.Object, java.lang.Object)'> (0x00000000a613e128) 
thrown [s\open\src\hotspot\share\interpreter\linkResolver.cpp, line 774]
Event: 2.103 Thread 0x000001791fdc9590 Exception <a 'java/lang/ClassNotFoundException'{0x00000000a61ab800}: javax/management/remote/rmi/RMIConnectionImpl_Skel> (0x00000000a61ab800) 
thrown [s\open\src\hotspot\share\classfile\systemDictionary.cpp, line 313]
Event: 2.158 Thread 0x000001791f394890 Exception <a 'java/lang/NoSuchMethodError'{0x00000000a6003cc8}: 'java.lang.Object java.lang.invoke.Invokers$Holder.linkToTargetMethod(java.lang.Object, long, java.lang.Object)'> (0x00000000a6003cc8) 
thrown [s\open\src\hotspot\share\interpreter\linkResolver.cpp, line 774]
Event: 2.173 Thread 0x000001791fdc9590 Exception <a 'java/lang/NoSuchMethodError'{0x00000000a61cb4c0}: 'java.lang.Object java.lang.invoke.DirectMethodHandle$Holder.invokeInterface(java.lang.Object, java.lang.Object)'> (0x00000000a61cb4c0) 
thrown [s\open\src\hotspot\share\interpreter\linkResolver.cpp, line 774]
Event: 2.201 Thread 0x000001791fdc9590 Exception <a 'java/lang/NoSuchMethodError'{0x00000000a6061418}: 'int java.lang.invoke.DelegatingMethodHandle$Holder.reinvoke_L(java.lang.Object, java.lang.Object, java.lang.Object, java.lang.Object, java.lang.Object)'> (0x00000000a6061418) 
thrown [s\open\src\hotspot\share\interpreter\linkResolver.cpp, line 774]
Event: 2.239 Thread 0x000001791fdc9590 Exception <a 'java/lang/NoSuchMethodError'{0x00000000a607d078}: 'java.lang.Object java.lang.invoke.DirectMethodHandle$Holder.invokeInterface(java.lang.Object, java.lang.Object, java.lang.Object, java.lang.Object, java.lang.Object)'> (0x00000000a607d078) 
thrown [s\open\src\hotspot\share\interpreter\linkResolver.cpp, line 774]
Event: 2.253 Thread 0x000001791fdc9590 Exception <a 'java/lang/NoSuchMethodError'{0x00000000a60a0860}: 'double java.lang.invoke.DirectMethodHandle$Holder.invokeInterface(java.lang.Object, java.lang.Object)'> (0x00000000a60a0860) 
thrown [s\open\src\hotspot\share\interpreter\linkResolver.cpp, line 774]
Event: 2.255 Thread 0x000001791fdc9590 Exception <a 'java/lang/NoSuchMethodError'{0x00000000a60a8200}: 'double java.lang.invoke.DelegatingMethodHandle$Holder.reinvoke_L(java.lang.Object, java.lang.Object)'> (0x00000000a60a8200) 
thrown [s\open\src\hotspot\share\interpreter\linkResolver.cpp, line 774]
Event: 3.110 Thread 0x000001791fdc9590 Exception <a 'java/lang/NoSuchMethodError'{0x00000000a60c1388}: 'long java.lang.invoke.DirectMethodHandle$Holder.invokeVirtual(java.lang.Object, java.lang.Object)'> (0x00000000a60c1388) 
thrown [s\open\src\hotspot\share\interpreter\linkResolver.cpp, line 774]
Event: 3.111 Thread 0x000001791fdc9590 Exception <a 'java/lang/NoSuchMethodError'{0x00000000a60c4968}: 'long java.lang.invoke.DelegatingMethodHandle$Holder.reinvoke_L(java.lang.Object, java.lang.Object)'> (0x00000000a60c4968) 
thrown [s\open\src\hotspot\share\interpreter\linkResolver.cpp, line 774]
Event: 86.512 Thread 0x00000178d9d3efd0 Exception <a 'java/lang/NoSuchMethodError'{0x00000000a6a418f8}: 'void java.lang.invoke.DirectMethodHandle$Holder.invokeStaticInit(java.lang.Object)'> (0x00000000a6a418f8) 
thrown [s\open\src\hotspot\share\interpreter\linkResolver.cpp, line 774]
Event: 86.521 Thread 0x00000178d9d3efd0 Exception <a 'java/lang/NoSuchMethodError'{0x00000000a6a64a18}: 'java.lang.Object java.lang.invoke.DirectMethodHandle$Holder.newInvokeSpecial(java.lang.Object, java.lang.Object, java.lang.Object, java.lang.Object, java.lang.Object)'> (0x00000000a6a64a18) 
thrown [s\open\src\hotspot\share\interpreter\linkResolver.cpp, line 774]
Event: 86.581 Thread 0x00000178d9d3efd0 Exception <a 'java/lang/NoSuchMethodError'{0x00000000a69c2bf8}: 'int java.lang.invoke.DirectMethodHandle$Holder.invokeStatic(java.lang.Object, java.lang.Object, java.lang.Object, java.lang.Object)'> (0x00000000a69c2bf8) 
thrown [s\open\src\hotspot\share\interpreter\linkResolver.cpp, line 774]
Event: 86.851 Thread 0x00000178d9d3efd0 Exception <a 'java/lang/NoSuchMethodError'{0x00000000a65a4228}: 'void java.lang.invoke.DirectMethodHandle$Holder.invokeSpecial(java.lang.Object, java.lang.Object, int)'> (0x00000000a65a4228) 
thrown [s\open\src\hotspot\share\interpreter\linkResolver.cpp, line 774]
Event: 86.852 Thread 0x00000178d9d3efd0 Exception <a 'java/lang/NoSuchMethodError'{0x00000000a65a74f8}: 'void java.lang.invoke.Invokers$Holder.invokeExact_MT(java.lang.Object, int, java.lang.Object)'> (0x00000000a65a74f8) 
thrown [s\open\src\hotspot\share\interpreter\linkResolver.cpp, line 774]
Event: 87.021 Thread 0x00000178d9d3efd0 Exception <a 'java/lang/NoSuchMethodError'{0x00000000a6031098}: 'void java.lang.invoke.DirectMethodHandle$Holder.invokeStatic(java.lang.Object, java.lang.Object, int)'> (0x00000000a6031098) 
thrown [s\open\src\hotspot\share\interpreter\linkResolver.cpp, line 774]
Event: 87.023 Thread 0x00000178d9d3efd0 Exception <a 'java/lang/NoSuchMethodError'{0x00000000a60361f0}: 'java.lang.Object java.lang.invoke.DirectMethodHandle$Holder.newInvokeSpecial(java.lang.Object, java.lang.Object, int)'> (0x00000000a60361f0) 
thrown [s\open\src\hotspot\share\interpreter\linkResolver.cpp, line 774]
Event: 87.039 Thread 0x00000178d9d3efd0 Exception <a 'sun/nio/fs/WindowsException'{0x00000000a6056e10}> (0x00000000a6056e10) 
thrown [s\open\src\hotspot\share\prims\jni.cpp, line 520]
Event: 87.045 Thread 0x00000178d9d3efd0 Exception <a 'sun/nio/fs/WindowsException'{0x00000000a605ed18}> (0x00000000a605ed18) 
thrown [s\open\src\hotspot\share\prims\jni.cpp, line 520]
Event: 87.054 Thread 0x00000178d9d3efd0 Exception <a 'sun/nio/fs/WindowsException'{0x00000000a6076138}> (0x00000000a6076138) 
thrown [s\open\src\hotspot\share\prims\jni.cpp, line 520]

ZGC Phase Switch (0 events):
No events

VM Operations (20 events):
Event: 70.094 Executing VM operation: Cleanup
Event: 70.094 Executing VM operation: Cleanup done
Event: 76.125 Executing VM operation: Cleanup
Event: 76.125 Executing VM operation: Cleanup done
Event: 81.154 Executing VM operation: Cleanup
Event: 81.154 Executing VM operation: Cleanup done
Event: 83.161 Executing VM operation: Cleanup
Event: 83.161 Executing VM operation: Cleanup done
Event: 86.962 Executing VM operation: ICBufferFull
Event: 86.962 Executing VM operation: ICBufferFull done
Event: 86.996 Executing VM operation: RedefineClasses
Event: 87.017 Executing VM operation: RedefineClasses done
Event: 87.119 Executing VM operation: JFRCheckpoint
Event: 87.119 Executing VM operation: JFRCheckpoint done
Event: 88.120 Executing VM operation: Cleanup
Event: 88.120 Executing VM operation: Cleanup done
Event: 89.120 Executing VM operation: Cleanup
Event: 89.120 Executing VM operation: Cleanup done
Event: 90.122 Executing VM operation: Cleanup
Event: 90.122 Executing VM operation: Cleanup done

Memory protections (0 events):
No events

Nmethod flushes (0 events):
No events

Events (20 events):
Event: 0.076 Thread 0x00000178bc829cf0 Thread added: 0x00000178d9d3efd0
Event: 0.076 Thread 0x00000178bc829cf0 Thread added: 0x00000178d9d3fa30
Event: 0.076 Thread 0x00000178bc829cf0 Thread added: 0x00000178d9d40490
Event: 0.077 Thread 0x00000178bc829cf0 Thread added: 0x00000178d9d414a0
Event: 0.078 Thread 0x00000178bc829cf0 Thread added: 0x00000178d9d5dec0
Event: 0.138 Thread 0x00000178bc829cf0 Thread added: 0x000001791f085cd0
Event: 0.298 Thread 0x00000178bc829cf0 Thread added: 0x000001791f1cda00
Event: 0.298 Thread 0x00000178bc829cf0 Thread added: 0x000001791f1ce070
Event: 0.943 Thread 0x00000178d9d5dec0 Thread added: 0x000001791f25e740
Event: 1.389 Thread 0x000001791f25e740 Thread exited: 0x000001791f25e740
Event: 1.506 Thread 0x00000178d9d5dec0 Thread added: 0x000001791f897e80
Event: 1.933 Thread 0x00000178d9d3efd0 Thread added: 0x000001791fdc8f20
Event: 2.012 Thread 0x000001791fdc8f20 Thread added: 0x000001791fdc9590
Event: 2.070 Thread 0x000001791fdc9590 Thread added: 0x000001791f393370
Event: 2.097 Thread 0x000001791fdc9590 Thread added: 0x000001791f394890
Event: 3.098 Thread 0x000001791f897e80 Thread exited: 0x000001791f897e80
Event: 86.480 Thread 0x00000178d9d5dec0 Thread added: 0x000001791fcc34e0
Event: 86.509 Thread 0x00000178d9d3efd0 Thread added: 0x000001791f8a7420
Event: 87.025 Thread 0x00000178d9d3efd0 Thread added: 0x000001791f8a6070
Event: 90.380 Thread 0x000001791fcc34e0 Thread exited: 0x000001791fcc34e0


Dynamic libraries:
0x00007ff6db4d0000 - 0x00007ff6db4e0000 	C:\Program Files\Java\jdk-22\bin\java.exe
0x00007fff4f090000 - 0x00007fff4f2a7000 	C:\WINDOWS\SYSTEM32\ntdll.dll
0x00007fff4e150000 - 0x00007fff4e214000 	C:\WINDOWS\System32\KERNEL32.DLL
0x00007fff4c8b0000 - 0x00007fff4cc67000 	C:\WINDOWS\System32\KERNELBASE.dll
0x00007fff4c790000 - 0x00007fff4c8a1000 	C:\WINDOWS\System32\ucrtbase.dll
0x00007fff48f80000 - 0x00007fff48f9b000 	C:\Program Files\Java\jdk-22\bin\VCRUNTIME140.dll
0x00007fff48fa0000 - 0x00007fff48fb7000 	C:\Program Files\Java\jdk-22\bin\jli.dll
0x00007fff4d170000 - 0x00007fff4d31f000 	C:\WINDOWS\System32\USER32.dll
0x00007fff4cc70000 - 0x00007fff4cc96000 	C:\WINDOWS\System32\win32u.dll
0x00007fff34c50000 - 0x00007fff34ee3000 	C:\WINDOWS\WinSxS\amd64_microsoft.windows.common-controls_6595b64144ccf1df_6.0.22621.3672_none_2713b9d173822955\COMCTL32.dll
0x00007fff4e330000 - 0x00007fff4e3d7000 	C:\WINDOWS\System32\msvcrt.dll
0x00007fff4efc0000 - 0x00007fff4efe9000 	C:\WINDOWS\System32\GDI32.dll
0x00007fff4c500000 - 0x00007fff4c618000 	C:\WINDOWS\System32\gdi32full.dll
0x00007fff4c460000 - 0x00007fff4c4fa000 	C:\WINDOWS\System32\msvcp_win.dll
0x00007fff4dd80000 - 0x00007fff4ddb1000 	C:\WINDOWS\System32\IMM32.DLL
0x00007fff48f70000 - 0x00007fff48f7c000 	C:\Program Files\Java\jdk-22\bin\vcruntime140_1.dll
0x00007fff48e50000 - 0x00007fff48ede000 	C:\Program Files\Java\jdk-22\bin\msvcp140.dll
0x00007fff07fa0000 - 0x00007fff08ce9000 	C:\Program Files\Java\jdk-22\bin\server\jvm.dll
0x00007fff4d490000 - 0x00007fff4d542000 	C:\WINDOWS\System32\ADVAPI32.dll
0x00007fff4e270000 - 0x00007fff4e318000 	C:\WINDOWS\System32\sechost.dll
0x00007fff4cd90000 - 0x00007fff4cdb8000 	C:\WINDOWS\System32\bcrypt.dll
0x00007fff4d050000 - 0x00007fff4d164000 	C:\WINDOWS\System32\RPCRT4.dll
0x00007fff4d410000 - 0x00007fff4d481000 	C:\WINDOWS\System32\WS2_32.dll
0x00007fff4c270000 - 0x00007fff4c2bd000 	C:\WINDOWS\SYSTEM32\POWRPROF.dll
0x00007fff48560000 - 0x00007fff48594000 	C:\WINDOWS\SYSTEM32\WINMM.dll
0x00007fff41530000 - 0x00007fff4153a000 	C:\WINDOWS\SYSTEM32\VERSION.dll
0x00007fff4c250000 - 0x00007fff4c263000 	C:\WINDOWS\SYSTEM32\UMPDC.dll
0x00007fff4b3f0000 - 0x00007fff4b408000 	C:\WINDOWS\SYSTEM32\kernel.appcore.dll
0x00007fff48f60000 - 0x00007fff48f6a000 	C:\Program Files\Java\jdk-22\bin\jimage.dll
0x00007fff45270000 - 0x00007fff454a2000 	C:\WINDOWS\SYSTEM32\DBGHELP.DLL
0x00007fff4ddc0000 - 0x00007fff4e14e000 	C:\WINDOWS\System32\combase.dll
0x00007fff4cdc0000 - 0x00007fff4ce97000 	C:\WINDOWS\System32\OLEAUT32.dll
0x00007fff2fa90000 - 0x00007fff2fac2000 	C:\WINDOWS\SYSTEM32\dbgcore.DLL
0x00007fff4cca0000 - 0x00007fff4cd1b000 	C:\WINDOWS\System32\bcryptPrimitives.dll
0x00007fff48e40000 - 0x00007fff48e4f000 	C:\Program Files\Java\jdk-22\bin\instrument.dll
0x00007fff48f40000 - 0x00007fff48f5e000 	C:\Program Files\Java\jdk-22\bin\java.dll
0x00007fff4e3e0000 - 0x00007fff4ec49000 	C:\WINDOWS\System32\SHELL32.dll
0x00007fff4cea0000 - 0x00007fff4d045000 	C:\WINDOWS\System32\ole32.dll
0x00007fff4a310000 - 0x00007fff4ac0f000 	C:\WINDOWS\SYSTEM32\windows.storage.dll
0x00007fff4a1d0000 - 0x00007fff4a30f000 	C:\WINDOWS\SYSTEM32\wintypes.dll
0x00007fff4d600000 - 0x00007fff4d6f9000 	C:\WINDOWS\System32\SHCORE.dll
0x00007fff4d570000 - 0x00007fff4d5ce000 	C:\WINDOWS\System32\shlwapi.dll
0x00007fff4c2d0000 - 0x00007fff4c2f7000 	C:\WINDOWS\SYSTEM32\profapi.dll
0x00007fff42400000 - 0x00007fff424d7000 	C:\Program Files\Java\jdk-22\bin\jsvml.dll
0x00007fff48ef0000 - 0x00007fff48f07000 	C:\Program Files\Java\jdk-22\bin\zip.dll
0x00007fff48f30000 - 0x00007fff48f40000 	C:\Program Files\Java\jdk-22\bin\net.dll
0x00007fff4b860000 - 0x00007fff4b8c9000 	C:\WINDOWS\system32\mswsock.dll
0x00007fff48f10000 - 0x00007fff48f26000 	C:\Program Files\Java\jdk-22\bin\nio.dll
0x00007fff48e10000 - 0x00007fff48e2a000 	C:\Program Files\JetBrains\IntelliJ IDEA 2024.2.4\bin\breakgen64.dll
0x00007fff48e00000 - 0x00007fff48e09000 	C:\Program Files\Java\jdk-22\bin\extnet.dll
0x00007fff4aee0000 - 0x00007fff4afe2000 	C:\WINDOWS\SYSTEM32\DNSAPI.dll
0x00007fff4aeb0000 - 0x00007fff4aedd000 	C:\WINDOWS\SYSTEM32\IPHLPAPI.DLL
0x00007fff4dc00000 - 0x00007fff4dc09000 	C:\WINDOWS\System32\NSI.dll
0x00007fff3b3d0000 - 0x00007fff3b3da000 	C:\Windows\System32\rasadhlp.dll
0x00007fff451c0000 - 0x00007fff45243000 	C:\WINDOWS\System32\fwpuclnt.dll
0x00007fff48df0000 - 0x00007fff48dfa000 	C:\Program Files\Java\jdk-22\bin\management.dll
0x00007fff48de0000 - 0x00007fff48deb000 	C:\Program Files\Java\jdk-22\bin\management_ext.dll
0x00007fff4e320000 - 0x00007fff4e328000 	C:\WINDOWS\System32\PSAPI.DLL
0x00007fff4bab0000 - 0x00007fff4bacb000 	C:\WINDOWS\SYSTEM32\CRYPTSP.dll
0x00007fff4b350000 - 0x00007fff4b385000 	C:\WINDOWS\system32\rsaenh.dll
0x00007fff4b950000 - 0x00007fff4b978000 	C:\WINDOWS\SYSTEM32\USERENV.dll
0x00007fff4bad0000 - 0x00007fff4badc000 	C:\WINDOWS\SYSTEM32\CRYPTBASE.dll
0x00007fff42500000 - 0x00007fff42517000 	C:\WINDOWS\system32\napinsp.dll
0x00007fff424e0000 - 0x00007fff424fb000 	C:\WINDOWS\system32\pnrpnsp.dll
0x00007fff423b0000 - 0x00007fff423c1000 	C:\WINDOWS\System32\winrnr.dll
0x00007fff26f30000 - 0x00007fff26f45000 	C:\WINDOWS\system32\wshbth.dll
0x00007fff2bdc0000 - 0x00007fff2bde7000 	C:\WINDOWS\system32\nlansp_c.dll
0x00007fff33e30000 - 0x00007fff33e89000 	C:\WINDOWS\SYSTEM32\pdh.dll
0x00007fff30d50000 - 0x00007fff30d61000 	C:\WINDOWS\System32\perfproc.dll
0x00007fff486e0000 - 0x00007fff486f0000 	C:\WINDOWS\System32\perfos.dll
0x00007fff49720000 - 0x00007fff49730000 	C:\WINDOWS\SYSTEM32\pfclient.dll

dbghelp: loaded successfully - version: 4.0.5 - missing functions: none
symbol engine: initialized successfully - sym options: 0x614 - pdb path: .;C:\Program Files\Java\jdk-22\bin;C:\WINDOWS\SYSTEM32;C:\WINDOWS\WinSxS\amd64_microsoft.windows.common-controls_6595b64144ccf1df_6.0.22621.3672_none_2713b9d173822955;C:\Program Files\Java\jdk-22\bin\server;C:\Program Files\JetBrains\IntelliJ IDEA 2024.2.4\bin;C:\Users\JUANJO~1\AppData\Local\Temp\idea_libasyncProfiler_dll_temp_folder

VM Arguments:
jvm_args: -javaagent:C:\Program Files\JetBrains\IntelliJ IDEA 2024.2.4\lib\idea_rt.jar=49901:C:\Program Files\JetBrains\IntelliJ IDEA 2024.2.4\bin -Dfile.encoding=UTF-8 -Dsun.stdout.encoding=UTF-8 -Dsun.stderr.encoding=UTF-8 
java_command: ui.IcesiFootballTournament
java_class_path (initial): C:\Users\Juan José\Desktop\IcesiFootBallTournament\out\production\IcesiFootBallTournament
Launcher Type: SUN_STANDARD

[Global flags]
     intx CICompilerCount                          = 3                                         {product} {ergonomic}
     uint ConcGCThreads                            = 1                                         {product} {ergonomic}
     bool FlightRecorder                           = true                                      {product} {management}
     uint G1ConcRefinementThreads                  = 4                                         {product} {ergonomic}
   size_t G1HeapRegionSize                         = 1048576                                   {product} {ergonomic}
   size_t InitialHeapSize                          = 100663296                                 {product} {ergonomic}
   size_t MarkStackSize                            = 4194304                                   {product} {ergonomic}
   size_t MaxHeapSize                              = 1595932672                                {product} {ergonomic}
   size_t MaxNewSize                               = 957349888                                 {product} {ergonomic}
   size_t MinHeapDeltaBytes                        = 1048576                                   {product} {ergonomic}
   size_t MinHeapSize                              = 8388608                                   {product} {ergonomic}
    uintx NonNMethodCodeHeapSize                   = 5832780                                {pd product} {ergonomic}
    uintx NonProfiledCodeHeapSize                  = 122912730                              {pd product} {ergonomic}
    uintx ProfiledCodeHeapSize                     = 122912730                              {pd product} {ergonomic}
    uintx ReservedCodeCacheSize                    = 251658240                              {pd product} {ergonomic}
     bool SegmentedCodeCache                       = true                                      {product} {ergonomic}
   size_t SoftMaxHeapSize                          = 1595932672                             {manageable} {ergonomic}
     bool UseCompressedOops                        = true                           {product lp64_product} {ergonomic}
     bool UseG1GC                                  = true                                      {product} {ergonomic}
     bool UseLargePagesIndividualAllocation        = false                                  {pd product} {ergonomic}

Logging:
Log output configuration:
 #0: stdout all=warning uptime,level,tags foldmultilines=false
 #1: stderr all=off uptime,level,tags foldmultilines=false

Environment Variables:
PATH=C:\Program Files\Common Files\Oracle\Java\javapath;C:\WINDOWS\system32;C:\WINDOWS;C:\WINDOWS\System32\Wbem;C:\WINDOWS\System32\WindowsPowerShell\v1.0\;C:\WINDOWS\System32\OpenSSH\;C:\Program Files\Git\cmd;C:\Program Files\dotnet\;C:\Program Files\Calibre2\;C:\Users\Juan José\AppData\Local\Programs\Python\Python312;C:\Users\Juan José\AppData\Local\Programs\Python\Python312\Scripts;C:\Users\Juan José\AppData\Local\Programs\Python\Launcher\;C:\Program Files\Java\jdk-22\bin;C:\Users\Juan José\AppData\Local\Programs\Microsoft VS Code\bin;C:\Users\Juan José\AppData\Local\Microsoft\WindowsApps;;C:\Program Files\JetBrains\IntelliJ IDEA 2024.2.4\bin;
USERNAME=Juan José
OS=Windows_NT
PROCESSOR_IDENTIFIER=AMD64 Family 23 Model 24 Stepping 1, AuthenticAMD
TMP=C:\Users\JUANJO~1\AppData\Local\Temp
TEMP=C:\Users\JUANJO~1\AppData\Local\Temp




Periodic native trim disabled

---------------  S Y S T E M  ---------------

OS:
 Windows 11 , 64 bit Build 22621 (10.0.22621.3958)
OS uptime: 0 days 0:08 hours

CPU: total 4 (initial active 4) (4 cores per cpu, 2 threads per core) family 23 model 24 stepping 1 microcode 0x0, cx8, cmov, fxsr, ht, mmx, 3dnowpref, sse, sse2, sse3, ssse3, sse4a, sse4.1, sse4.2, popcnt, lzcnt, tsc, tscinvbit, avx, avx2, aes, clmul, bmi1, bmi2, adx, sha, fma, vzeroupper, clflush, clflushopt, rdtscp, f16c
Processor Information for all 4 processors :
  Max Mhz: 2600, Current Mhz: 2600, Mhz Limit: 2600

Memory: 4k page, system-wide physical 6081M (1226M free)
TotalPageFile size 13563M (AvailPageFile size 7249M)
current process WorkingSet (physical memory assigned to process): 91M, peak: 97M
current process commit charge ("private bytes"): 226M, peak: 228M

vm_info: Java HotSpot(TM) 64-Bit Server VM (22.0.2+9-70) for windows-amd64 JRE (22.0.2+9-70), built on 2024-06-04T16:52:23Z by "mach5one" with MS VC++ 17.6 (VS2022)

END.
